The system is: Linux - 5.9.0-1-powerpc64 - ppc64
Compiling the C compiler identification source file "CMakeCCompilerId.c" succeeded.
Compiler: /usr/bin/clang 
Build flags: ;-fuse-ld=gold
Id flags:  

The output was:
0


Compilation of the C compiler identification source "CMakeCCompilerId.c" produced "a.out"

The C compiler identification is Clang, found in "/home/oceanfish81/dragonffi/release/CMakeFiles/3.18.4/CompilerIdC/a.out"

Compiling the CXX compiler identification source file "CMakeCXXCompilerId.cpp" succeeded.
Compiler: /usr/bin/clang++ 
Build flags: ;-fuse-ld=gold
Id flags:  

The output was:
0


Compilation of the CXX compiler identification source "CMakeCXXCompilerId.cpp" produced "a.out"

The CXX compiler identification is Clang, found in "/home/oceanfish81/dragonffi/release/CMakeFiles/3.18.4/CompilerIdCXX/a.out"

Detecting C compiler ABI info compiled with the following output:
Change Dir: /home/oceanfish81/dragonffi/release/CMakeFiles/CMakeTmp

Run Build Command(s):/usr/local/bin/ninja cmTC_e2c70 && [1/2] Building C object CMakeFiles/cmTC_e2c70.dir/CMakeCCompilerABI.c.o
Debian clang version 11.0.1-+rc2-1
Target: powerpc64-unknown-linux-gnu
Thread model: posix
InstalledDir: /usr/bin
Found candidate GCC installation: /usr/bin/../lib/gcc/powerpc64-linux-gnu/10
Found candidate GCC installation: /usr/bin/../lib/gcc/powerpc64-linux-gnu/9
Found candidate GCC installation: /usr/lib/gcc/powerpc64-linux-gnu/10
Found candidate GCC installation: /usr/lib/gcc/powerpc64-linux-gnu/9
Selected GCC installation: /usr/bin/../lib/gcc/powerpc64-linux-gnu/10
Candidate multilib: .;@m64
Selected multilib: .;@m64
clang: warning: argument unused during compilation: '-fuse-ld=gold' [-Wunused-command-line-argument]
 (in-process)
 "/usr/lib/llvm-11/bin/clang" -cc1 -triple powerpc64-unknown-linux-gnu -emit-obj -mrelax-all -disable-free -disable-llvm-verifier -discard-value-names -main-file-name CMakeCCompilerABI.c -mrelocation-model static -mframe-pointer=all -fmath-errno -fno-rounding-math -mconstructor-aliases -target-cpu ppc64 -mfloat-abi hard -target-abi elfv1 -fno-split-dwarf-inlining -debugger-tuning=gdb -v -resource-dir /usr/lib/llvm-11/lib/clang/11.0.1 -dependency-file CMakeFiles/cmTC_e2c70.dir/CMakeCCompilerABI.c.o.d -MT CMakeFiles/cmTC_e2c70.dir/CMakeCCompilerABI.c.o -sys-header-deps -internal-isystem /usr/lib/llvm-11/lib/clang/11.0.1/include/ppc_wrappers -internal-isystem /usr/local/include -internal-isystem /usr/lib/llvm-11/lib/clang/11.0.1/include -internal-externc-isystem /usr/include/powerpc64-linux-gnu -internal-externc-isystem /include -internal-externc-isystem /usr/include -fdebug-compilation-dir /home/oceanfish81/dragonffi/release/CMakeFiles/CMakeTmp -ferror-limit 19 -fno-signed-char -fgnuc-version=4.2.1 -faddrsig -o CMakeFiles/cmTC_e2c70.dir/CMakeCCompilerABI.c.o -x c /usr/share/cmake-3.18/Modules/CMakeCCompilerABI.c
clang -cc1 version 11.0.1 based upon LLVM 11.0.1 default target powerpc64-unknown-linux-gnu
ignoring nonexistent directory "/include"
#include "..." search starts here:
#include <...> search starts here:
 /usr/lib/llvm-11/lib/clang/11.0.1/include/ppc_wrappers
 /usr/local/include
 /usr/lib/llvm-11/lib/clang/11.0.1/include
 /usr/include/powerpc64-linux-gnu
 /usr/include
End of search list.
[2/2] Linking C executable cmTC_e2c70
Debian clang version 11.0.1-+rc2-1
Target: powerpc64-unknown-linux-gnu
Thread model: posix
InstalledDir: /usr/bin
Found candidate GCC installation: /usr/bin/../lib/gcc/powerpc64-linux-gnu/10
Found candidate GCC installation: /usr/bin/../lib/gcc/powerpc64-linux-gnu/9
Found candidate GCC installation: /usr/lib/gcc/powerpc64-linux-gnu/10
Found candidate GCC installation: /usr/lib/gcc/powerpc64-linux-gnu/9
Selected GCC installation: /usr/bin/../lib/gcc/powerpc64-linux-gnu/10
Candidate multilib: .;@m64
Selected multilib: .;@m64
 "/usr/bin/ld.gold" --hash-style=both --build-id --eh-frame-hdr -m elf64ppc -dynamic-linker /lib64/ld64.so.1 -o cmTC_e2c70 /usr/bin/../lib/gcc/powerpc64-linux-gnu/10/../../../powerpc64-linux-gnu/crt1.o /usr/bin/../lib/gcc/powerpc64-linux-gnu/10/../../../powerpc64-linux-gnu/crti.o /usr/bin/../lib/gcc/powerpc64-linux-gnu/10/crtbegin.o -L/usr/bin/../lib/gcc/powerpc64-linux-gnu/10 -L/usr/bin/../lib/gcc/powerpc64-linux-gnu/10/../../../powerpc64-linux-gnu -L/usr/bin/../lib/gcc/powerpc64-linux-gnu/10/../../../../lib64 -L/lib/powerpc64-linux-gnu -L/lib/../lib64 -L/usr/lib/powerpc64-linux-gnu -L/usr/lib/../lib64 -L/usr/lib/powerpc64-linux-gnu/../../lib64 -L/usr/bin/../lib/gcc/powerpc64-linux-gnu/10/../../.. -L/usr/lib/llvm-11/bin/../lib -L/lib -L/usr/lib CMakeFiles/cmTC_e2c70.dir/CMakeCCompilerABI.c.o -lgcc --as-needed -lgcc_s --no-as-needed -lc -lgcc --as-needed -lgcc_s --no-as-needed /usr/bin/../lib/gcc/powerpc64-linux-gnu/10/crtend.o /usr/bin/../lib/gcc/powerpc64-linux-gnu/10/../../../powerpc64-linux-gnu/crtn.o



Parsed C implicit include dir info from above output: rv=done
  found start of include info
  found start of implicit include info
    add: [/usr/lib/llvm-11/lib/clang/11.0.1/include/ppc_wrappers]
    add: [/usr/local/include]
    add: [/usr/lib/llvm-11/lib/clang/11.0.1/include]
    add: [/usr/include/powerpc64-linux-gnu]
    add: [/usr/include]
  end of search list found
  collapse include dir [/usr/lib/llvm-11/lib/clang/11.0.1/include/ppc_wrappers] ==> [/usr/lib/llvm-11/lib/clang/11.0.1/include/ppc_wrappers]
  collapse include dir [/usr/local/include] ==> [/usr/local/include]
  collapse include dir [/usr/lib/llvm-11/lib/clang/11.0.1/include] ==> [/usr/lib/llvm-11/lib/clang/11.0.1/include]
  collapse include dir [/usr/include/powerpc64-linux-gnu] ==> [/usr/include/powerpc64-linux-gnu]
  collapse include dir [/usr/include] ==> [/usr/include]
  implicit include dirs: [/usr/lib/llvm-11/lib/clang/11.0.1/include/ppc_wrappers;/usr/local/include;/usr/lib/llvm-11/lib/clang/11.0.1/include;/usr/include/powerpc64-linux-gnu;/usr/include]


Parsed C implicit link information from above output:
  link line regex: [^( *|.*[/\])(ld|CMAKE_LINK_STARTFILE-NOTFOUND|([^/\]+-)?ld|collect2)[^/\]*( |$)]
  ignore line: [Change Dir: /home/oceanfish81/dragonffi/release/CMakeFiles/CMakeTmp]
  ignore line: []
  ignore line: [Run Build Command(s):/usr/local/bin/ninja cmTC_e2c70 && [1/2] Building C object CMakeFiles/cmTC_e2c70.dir/CMakeCCompilerABI.c.o]
  ignore line: [Debian clang version 11.0.1-+rc2-1]
  ignore line: [Target: powerpc64-unknown-linux-gnu]
  ignore line: [Thread model: posix]
  ignore line: [InstalledDir: /usr/bin]
  ignore line: [Found candidate GCC installation: /usr/bin/../lib/gcc/powerpc64-linux-gnu/10]
  ignore line: [Found candidate GCC installation: /usr/bin/../lib/gcc/powerpc64-linux-gnu/9]
  ignore line: [Found candidate GCC installation: /usr/lib/gcc/powerpc64-linux-gnu/10]
  ignore line: [Found candidate GCC installation: /usr/lib/gcc/powerpc64-linux-gnu/9]
  ignore line: [Selected GCC installation: /usr/bin/../lib/gcc/powerpc64-linux-gnu/10]
  ignore line: [Candidate multilib: .]
  ignore line: [@m64]
  ignore line: [Selected multilib: .]
  ignore line: [@m64]
  ignore line: [clang: warning: argument unused during compilation: '-fuse-ld=gold' [-Wunused-command-line-argument]]
  ignore line: [ (in-process)]
  ignore line: [ "/usr/lib/llvm-11/bin/clang" -cc1 -triple powerpc64-unknown-linux-gnu -emit-obj -mrelax-all -disable-free -disable-llvm-verifier -discard-value-names -main-file-name CMakeCCompilerABI.c -mrelocation-model static -mframe-pointer=all -fmath-errno -fno-rounding-math -mconstructor-aliases -target-cpu ppc64 -mfloat-abi hard -target-abi elfv1 -fno-split-dwarf-inlining -debugger-tuning=gdb -v -resource-dir /usr/lib/llvm-11/lib/clang/11.0.1 -dependency-file CMakeFiles/cmTC_e2c70.dir/CMakeCCompilerABI.c.o.d -MT CMakeFiles/cmTC_e2c70.dir/CMakeCCompilerABI.c.o -sys-header-deps -internal-isystem /usr/lib/llvm-11/lib/clang/11.0.1/include/ppc_wrappers -internal-isystem /usr/local/include -internal-isystem /usr/lib/llvm-11/lib/clang/11.0.1/include -internal-externc-isystem /usr/include/powerpc64-linux-gnu -internal-externc-isystem /include -internal-externc-isystem /usr/include -fdebug-compilation-dir /home/oceanfish81/dragonffi/release/CMakeFiles/CMakeTmp -ferror-limit 19 -fno-signed-char -fgnuc-version=4.2.1 -faddrsig -o CMakeFiles/cmTC_e2c70.dir/CMakeCCompilerABI.c.o -x c /usr/share/cmake-3.18/Modules/CMakeCCompilerABI.c]
  ignore line: [clang -cc1 version 11.0.1 based upon LLVM 11.0.1 default target powerpc64-unknown-linux-gnu]
  ignore line: [ignoring nonexistent directory "/include"]
  ignore line: [#include "..." search starts here:]
  ignore line: [#include <...> search starts here:]
  ignore line: [ /usr/lib/llvm-11/lib/clang/11.0.1/include/ppc_wrappers]
  ignore line: [ /usr/local/include]
  ignore line: [ /usr/lib/llvm-11/lib/clang/11.0.1/include]
  ignore line: [ /usr/include/powerpc64-linux-gnu]
  ignore line: [ /usr/include]
  ignore line: [End of search list.]
  ignore line: [[2/2] Linking C executable cmTC_e2c70]
  ignore line: [Debian clang version 11.0.1-+rc2-1]
  ignore line: [Target: powerpc64-unknown-linux-gnu]
  ignore line: [Thread model: posix]
  ignore line: [InstalledDir: /usr/bin]
  ignore line: [Found candidate GCC installation: /usr/bin/../lib/gcc/powerpc64-linux-gnu/10]
  ignore line: [Found candidate GCC installation: /usr/bin/../lib/gcc/powerpc64-linux-gnu/9]
  ignore line: [Found candidate GCC installation: /usr/lib/gcc/powerpc64-linux-gnu/10]
  ignore line: [Found candidate GCC installation: /usr/lib/gcc/powerpc64-linux-gnu/9]
  ignore line: [Selected GCC installation: /usr/bin/../lib/gcc/powerpc64-linux-gnu/10]
  ignore line: [Candidate multilib: .]
  ignore line: [@m64]
  ignore line: [Selected multilib: .]
  ignore line: [@m64]
  link line: [ "/usr/bin/ld.gold" --hash-style=both --build-id --eh-frame-hdr -m elf64ppc -dynamic-linker /lib64/ld64.so.1 -o cmTC_e2c70 /usr/bin/../lib/gcc/powerpc64-linux-gnu/10/../../../powerpc64-linux-gnu/crt1.o /usr/bin/../lib/gcc/powerpc64-linux-gnu/10/../../../powerpc64-linux-gnu/crti.o /usr/bin/../lib/gcc/powerpc64-linux-gnu/10/crtbegin.o -L/usr/bin/../lib/gcc/powerpc64-linux-gnu/10 -L/usr/bin/../lib/gcc/powerpc64-linux-gnu/10/../../../powerpc64-linux-gnu -L/usr/bin/../lib/gcc/powerpc64-linux-gnu/10/../../../../lib64 -L/lib/powerpc64-linux-gnu -L/lib/../lib64 -L/usr/lib/powerpc64-linux-gnu -L/usr/lib/../lib64 -L/usr/lib/powerpc64-linux-gnu/../../lib64 -L/usr/bin/../lib/gcc/powerpc64-linux-gnu/10/../../.. -L/usr/lib/llvm-11/bin/../lib -L/lib -L/usr/lib CMakeFiles/cmTC_e2c70.dir/CMakeCCompilerABI.c.o -lgcc --as-needed -lgcc_s --no-as-needed -lc -lgcc --as-needed -lgcc_s --no-as-needed /usr/bin/../lib/gcc/powerpc64-linux-gnu/10/crtend.o /usr/bin/../lib/gcc/powerpc64-linux-gnu/10/../../../powerpc64-linux-gnu/crtn.o]
    arg [/usr/bin/ld.gold] ==> ignore
    arg [--hash-style=both] ==> ignore
    arg [--build-id] ==> ignore
    arg [--eh-frame-hdr] ==> ignore
    arg [-m] ==> ignore
    arg [elf64ppc] ==> ignore
    arg [-dynamic-linker] ==> ignore
    arg [/lib64/ld64.so.1] ==> ignore
    arg [-o] ==> ignore
    arg [cmTC_e2c70] ==> ignore
    arg [/usr/bin/../lib/gcc/powerpc64-linux-gnu/10/../../../powerpc64-linux-gnu/crt1.o] ==> ignore
    arg [/usr/bin/../lib/gcc/powerpc64-linux-gnu/10/../../../powerpc64-linux-gnu/crti.o] ==> ignore
    arg [/usr/bin/../lib/gcc/powerpc64-linux-gnu/10/crtbegin.o] ==> ignore
    arg [-L/usr/bin/../lib/gcc/powerpc64-linux-gnu/10] ==> dir [/usr/bin/../lib/gcc/powerpc64-linux-gnu/10]
    arg [-L/usr/bin/../lib/gcc/powerpc64-linux-gnu/10/../../../powerpc64-linux-gnu] ==> dir [/usr/bin/../lib/gcc/powerpc64-linux-gnu/10/../../../powerpc64-linux-gnu]
    arg [-L/usr/bin/../lib/gcc/powerpc64-linux-gnu/10/../../../../lib64] ==> dir [/usr/bin/../lib/gcc/powerpc64-linux-gnu/10/../../../../lib64]
    arg [-L/lib/powerpc64-linux-gnu] ==> dir [/lib/powerpc64-linux-gnu]
    arg [-L/lib/../lib64] ==> dir [/lib/../lib64]
    arg [-L/usr/lib/powerpc64-linux-gnu] ==> dir [/usr/lib/powerpc64-linux-gnu]
    arg [-L/usr/lib/../lib64] ==> dir [/usr/lib/../lib64]
    arg [-L/usr/lib/powerpc64-linux-gnu/../../lib64] ==> dir [/usr/lib/powerpc64-linux-gnu/../../lib64]
    arg [-L/usr/bin/../lib/gcc/powerpc64-linux-gnu/10/../../..] ==> dir [/usr/bin/../lib/gcc/powerpc64-linux-gnu/10/../../..]
    arg [-L/usr/lib/llvm-11/bin/../lib] ==> dir [/usr/lib/llvm-11/bin/../lib]
    arg [-L/lib] ==> dir [/lib]
    arg [-L/usr/lib] ==> dir [/usr/lib]
    arg [CMakeFiles/cmTC_e2c70.dir/CMakeCCompilerABI.c.o] ==> ignore
    arg [-lgcc] ==> lib [gcc]
    arg [--as-needed] ==> ignore
    arg [-lgcc_s] ==> lib [gcc_s]
    arg [--no-as-needed] ==> ignore
    arg [-lc] ==> lib [c]
    arg [-lgcc] ==> lib [gcc]
    arg [--as-needed] ==> ignore
    arg [-lgcc_s] ==> lib [gcc_s]
    arg [--no-as-needed] ==> ignore
    arg [/usr/bin/../lib/gcc/powerpc64-linux-gnu/10/crtend.o] ==> ignore
    arg [/usr/bin/../lib/gcc/powerpc64-linux-gnu/10/../../../powerpc64-linux-gnu/crtn.o] ==> ignore
  collapse library dir [/usr/bin/../lib/gcc/powerpc64-linux-gnu/10] ==> [/usr/lib/gcc/powerpc64-linux-gnu/10]
  collapse library dir [/usr/bin/../lib/gcc/powerpc64-linux-gnu/10/../../../powerpc64-linux-gnu] ==> [/usr/lib/powerpc64-linux-gnu]
  collapse library dir [/usr/bin/../lib/gcc/powerpc64-linux-gnu/10/../../../../lib64] ==> [/usr/lib64]
  collapse library dir [/lib/powerpc64-linux-gnu] ==> [/lib/powerpc64-linux-gnu]
  collapse library dir [/lib/../lib64] ==> [/lib64]
  collapse library dir [/usr/lib/powerpc64-linux-gnu] ==> [/usr/lib/powerpc64-linux-gnu]
  collapse library dir [/usr/lib/../lib64] ==> [/usr/lib64]
  collapse library dir [/usr/lib/powerpc64-linux-gnu/../../lib64] ==> [/usr/lib64]
  collapse library dir [/usr/bin/../lib/gcc/powerpc64-linux-gnu/10/../../..] ==> [/usr/lib]
  collapse library dir [/usr/lib/llvm-11/bin/../lib] ==> [/usr/lib/llvm-11/lib]
  collapse library dir [/lib] ==> [/lib]
  collapse library dir [/usr/lib] ==> [/usr/lib]
  implicit libs: [gcc;gcc_s;c;gcc;gcc_s]
  implicit dirs: [/usr/lib/gcc/powerpc64-linux-gnu/10;/usr/lib/powerpc64-linux-gnu;/usr/lib64;/lib/powerpc64-linux-gnu;/lib64;/usr/lib;/usr/lib/llvm-11/lib;/lib]
  implicit fwks: []


Detecting CXX compiler ABI info compiled with the following output:
Change Dir: /home/oceanfish81/dragonffi/release/CMakeFiles/CMakeTmp

Run Build Command(s):/usr/local/bin/ninja cmTC_7c30d && [1/2] Building CXX object CMakeFiles/cmTC_7c30d.dir/CMakeCXXCompilerABI.cpp.o
Debian clang version 11.0.1-+rc2-1
Target: powerpc64-unknown-linux-gnu
Thread model: posix
InstalledDir: /usr/bin
Found candidate GCC installation: /usr/bin/../lib/gcc/powerpc64-linux-gnu/10
Found candidate GCC installation: /usr/bin/../lib/gcc/powerpc64-linux-gnu/9
Found candidate GCC installation: /usr/lib/gcc/powerpc64-linux-gnu/10
Found candidate GCC installation: /usr/lib/gcc/powerpc64-linux-gnu/9
Selected GCC installation: /usr/bin/../lib/gcc/powerpc64-linux-gnu/10
Candidate multilib: .;@m64
Selected multilib: .;@m64
clang: warning: argument unused during compilation: '-fuse-ld=gold' [-Wunused-command-line-argument]
 (in-process)
 "/usr/lib/llvm-11/bin/clang" -cc1 -triple powerpc64-unknown-linux-gnu -emit-obj -mrelax-all -disable-free -disable-llvm-verifier -discard-value-names -main-file-name CMakeCXXCompilerABI.cpp -mrelocation-model static -mframe-pointer=all -fmath-errno -fno-rounding-math -mconstructor-aliases -target-cpu ppc64 -mfloat-abi hard -target-abi elfv1 -fno-split-dwarf-inlining -debugger-tuning=gdb -v -resource-dir /usr/lib/llvm-11/lib/clang/11.0.1 -dependency-file CMakeFiles/cmTC_7c30d.dir/CMakeCXXCompilerABI.cpp.o.d -MT CMakeFiles/cmTC_7c30d.dir/CMakeCXXCompilerABI.cpp.o -sys-header-deps -internal-isystem /usr/bin/../lib/gcc/powerpc64-linux-gnu/10/../../../../include/c++/10 -internal-isystem /usr/bin/../lib/gcc/powerpc64-linux-gnu/10/../../../../include/powerpc64-linux-gnu/c++/10 -internal-isystem /usr/bin/../lib/gcc/powerpc64-linux-gnu/10/../../../../include/powerpc64-linux-gnu/c++/10 -internal-isystem /usr/bin/../lib/gcc/powerpc64-linux-gnu/10/../../../../include/c++/10/backward -internal-isystem /usr/lib/llvm-11/lib/clang/11.0.1/include/ppc_wrappers -internal-isystem /usr/local/include -internal-isystem /usr/lib/llvm-11/lib/clang/11.0.1/include -internal-externc-isystem /usr/include/powerpc64-linux-gnu -internal-externc-isystem /include -internal-externc-isystem /usr/include -fdeprecated-macro -fdebug-compilation-dir /home/oceanfish81/dragonffi/release/CMakeFiles/CMakeTmp -ferror-limit 19 -fno-signed-char -fgnuc-version=4.2.1 -fcxx-exceptions -fexceptions -faddrsig -o CMakeFiles/cmTC_7c30d.dir/CMakeCXXCompilerABI.cpp.o -x c++ /usr/share/cmake-3.18/Modules/CMakeCXXCompilerABI.cpp
clang -cc1 version 11.0.1 based upon LLVM 11.0.1 default target powerpc64-unknown-linux-gnu
ignoring nonexistent directory "/include"
ignoring duplicate directory "/usr/bin/../lib/gcc/powerpc64-linux-gnu/10/../../../../include/powerpc64-linux-gnu/c++/10"
#include "..." search starts here:
#include <...> search starts here:
 /usr/bin/../lib/gcc/powerpc64-linux-gnu/10/../../../../include/c++/10
 /usr/bin/../lib/gcc/powerpc64-linux-gnu/10/../../../../include/powerpc64-linux-gnu/c++/10
 /usr/bin/../lib/gcc/powerpc64-linux-gnu/10/../../../../include/c++/10/backward
 /usr/lib/llvm-11/lib/clang/11.0.1/include/ppc_wrappers
 /usr/local/include
 /usr/lib/llvm-11/lib/clang/11.0.1/include
 /usr/include/powerpc64-linux-gnu
 /usr/include
End of search list.
[2/2] Linking CXX executable cmTC_7c30d
Debian clang version 11.0.1-+rc2-1
Target: powerpc64-unknown-linux-gnu
Thread model: posix
InstalledDir: /usr/bin
Found candidate GCC installation: /usr/bin/../lib/gcc/powerpc64-linux-gnu/10
Found candidate GCC installation: /usr/bin/../lib/gcc/powerpc64-linux-gnu/9
Found candidate GCC installation: /usr/lib/gcc/powerpc64-linux-gnu/10
Found candidate GCC installation: /usr/lib/gcc/powerpc64-linux-gnu/9
Selected GCC installation: /usr/bin/../lib/gcc/powerpc64-linux-gnu/10
Candidate multilib: .;@m64
Selected multilib: .;@m64
 "/usr/bin/ld.gold" --hash-style=both --build-id --eh-frame-hdr -m elf64ppc -dynamic-linker /lib64/ld64.so.1 -o cmTC_7c30d /usr/bin/../lib/gcc/powerpc64-linux-gnu/10/../../../powerpc64-linux-gnu/crt1.o /usr/bin/../lib/gcc/powerpc64-linux-gnu/10/../../../powerpc64-linux-gnu/crti.o /usr/bin/../lib/gcc/powerpc64-linux-gnu/10/crtbegin.o -L/usr/bin/../lib/gcc/powerpc64-linux-gnu/10 -L/usr/bin/../lib/gcc/powerpc64-linux-gnu/10/../../../powerpc64-linux-gnu -L/usr/bin/../lib/gcc/powerpc64-linux-gnu/10/../../../../lib64 -L/lib/powerpc64-linux-gnu -L/lib/../lib64 -L/usr/lib/powerpc64-linux-gnu -L/usr/lib/../lib64 -L/usr/lib/powerpc64-linux-gnu/../../lib64 -L/usr/bin/../lib/gcc/powerpc64-linux-gnu/10/../../.. -L/usr/lib/llvm-11/bin/../lib -L/lib -L/usr/lib CMakeFiles/cmTC_7c30d.dir/CMakeCXXCompilerABI.cpp.o -lstdc++ -lm -lgcc_s -lgcc -lc -lgcc_s -lgcc /usr/bin/../lib/gcc/powerpc64-linux-gnu/10/crtend.o /usr/bin/../lib/gcc/powerpc64-linux-gnu/10/../../../powerpc64-linux-gnu/crtn.o



Parsed CXX implicit include dir info from above output: rv=done
  found start of include info
  found start of implicit include info
    add: [/usr/bin/../lib/gcc/powerpc64-linux-gnu/10/../../../../include/c++/10]
    add: [/usr/bin/../lib/gcc/powerpc64-linux-gnu/10/../../../../include/powerpc64-linux-gnu/c++/10]
    add: [/usr/bin/../lib/gcc/powerpc64-linux-gnu/10/../../../../include/c++/10/backward]
    add: [/usr/lib/llvm-11/lib/clang/11.0.1/include/ppc_wrappers]
    add: [/usr/local/include]
    add: [/usr/lib/llvm-11/lib/clang/11.0.1/include]
    add: [/usr/include/powerpc64-linux-gnu]
    add: [/usr/include]
  end of search list found
  collapse include dir [/usr/bin/../lib/gcc/powerpc64-linux-gnu/10/../../../../include/c++/10] ==> [/usr/include/c++/10]
  collapse include dir [/usr/bin/../lib/gcc/powerpc64-linux-gnu/10/../../../../include/powerpc64-linux-gnu/c++/10] ==> [/usr/include/powerpc64-linux-gnu/c++/10]
  collapse include dir [/usr/bin/../lib/gcc/powerpc64-linux-gnu/10/../../../../include/c++/10/backward] ==> [/usr/include/c++/10/backward]
  collapse include dir [/usr/lib/llvm-11/lib/clang/11.0.1/include/ppc_wrappers] ==> [/usr/lib/llvm-11/lib/clang/11.0.1/include/ppc_wrappers]
  collapse include dir [/usr/local/include] ==> [/usr/local/include]
  collapse include dir [/usr/lib/llvm-11/lib/clang/11.0.1/include] ==> [/usr/lib/llvm-11/lib/clang/11.0.1/include]
  collapse include dir [/usr/include/powerpc64-linux-gnu] ==> [/usr/include/powerpc64-linux-gnu]
  collapse include dir [/usr/include] ==> [/usr/include]
  implicit include dirs: [/usr/include/c++/10;/usr/include/powerpc64-linux-gnu/c++/10;/usr/include/c++/10/backward;/usr/lib/llvm-11/lib/clang/11.0.1/include/ppc_wrappers;/usr/local/include;/usr/lib/llvm-11/lib/clang/11.0.1/include;/usr/include/powerpc64-linux-gnu;/usr/include]


Parsed CXX implicit link information from above output:
  link line regex: [^( *|.*[/\])(ld|CMAKE_LINK_STARTFILE-NOTFOUND|([^/\]+-)?ld|collect2)[^/\]*( |$)]
  ignore line: [Change Dir: /home/oceanfish81/dragonffi/release/CMakeFiles/CMakeTmp]
  ignore line: []
  ignore line: [Run Build Command(s):/usr/local/bin/ninja cmTC_7c30d && [1/2] Building CXX object CMakeFiles/cmTC_7c30d.dir/CMakeCXXCompilerABI.cpp.o]
  ignore line: [Debian clang version 11.0.1-+rc2-1]
  ignore line: [Target: powerpc64-unknown-linux-gnu]
  ignore line: [Thread model: posix]
  ignore line: [InstalledDir: /usr/bin]
  ignore line: [Found candidate GCC installation: /usr/bin/../lib/gcc/powerpc64-linux-gnu/10]
  ignore line: [Found candidate GCC installation: /usr/bin/../lib/gcc/powerpc64-linux-gnu/9]
  ignore line: [Found candidate GCC installation: /usr/lib/gcc/powerpc64-linux-gnu/10]
  ignore line: [Found candidate GCC installation: /usr/lib/gcc/powerpc64-linux-gnu/9]
  ignore line: [Selected GCC installation: /usr/bin/../lib/gcc/powerpc64-linux-gnu/10]
  ignore line: [Candidate multilib: .]
  ignore line: [@m64]
  ignore line: [Selected multilib: .]
  ignore line: [@m64]
  ignore line: [clang: warning: argument unused during compilation: '-fuse-ld=gold' [-Wunused-command-line-argument]]
  ignore line: [ (in-process)]
  ignore line: [ "/usr/lib/llvm-11/bin/clang" -cc1 -triple powerpc64-unknown-linux-gnu -emit-obj -mrelax-all -disable-free -disable-llvm-verifier -discard-value-names -main-file-name CMakeCXXCompilerABI.cpp -mrelocation-model static -mframe-pointer=all -fmath-errno -fno-rounding-math -mconstructor-aliases -target-cpu ppc64 -mfloat-abi hard -target-abi elfv1 -fno-split-dwarf-inlining -debugger-tuning=gdb -v -resource-dir /usr/lib/llvm-11/lib/clang/11.0.1 -dependency-file CMakeFiles/cmTC_7c30d.dir/CMakeCXXCompilerABI.cpp.o.d -MT CMakeFiles/cmTC_7c30d.dir/CMakeCXXCompilerABI.cpp.o -sys-header-deps -internal-isystem /usr/bin/../lib/gcc/powerpc64-linux-gnu/10/../../../../include/c++/10 -internal-isystem /usr/bin/../lib/gcc/powerpc64-linux-gnu/10/../../../../include/powerpc64-linux-gnu/c++/10 -internal-isystem /usr/bin/../lib/gcc/powerpc64-linux-gnu/10/../../../../include/powerpc64-linux-gnu/c++/10 -internal-isystem /usr/bin/../lib/gcc/powerpc64-linux-gnu/10/../../../../include/c++/10/backward -internal-isystem /usr/lib/llvm-11/lib/clang/11.0.1/include/ppc_wrappers -internal-isystem /usr/local/include -internal-isystem /usr/lib/llvm-11/lib/clang/11.0.1/include -internal-externc-isystem /usr/include/powerpc64-linux-gnu -internal-externc-isystem /include -internal-externc-isystem /usr/include -fdeprecated-macro -fdebug-compilation-dir /home/oceanfish81/dragonffi/release/CMakeFiles/CMakeTmp -ferror-limit 19 -fno-signed-char -fgnuc-version=4.2.1 -fcxx-exceptions -fexceptions -faddrsig -o CMakeFiles/cmTC_7c30d.dir/CMakeCXXCompilerABI.cpp.o -x c++ /usr/share/cmake-3.18/Modules/CMakeCXXCompilerABI.cpp]
  ignore line: [clang -cc1 version 11.0.1 based upon LLVM 11.0.1 default target powerpc64-unknown-linux-gnu]
  ignore line: [ignoring nonexistent directory "/include"]
  ignore line: [ignoring duplicate directory "/usr/bin/../lib/gcc/powerpc64-linux-gnu/10/../../../../include/powerpc64-linux-gnu/c++/10"]
  ignore line: [#include "..." search starts here:]
  ignore line: [#include <...> search starts here:]
  ignore line: [ /usr/bin/../lib/gcc/powerpc64-linux-gnu/10/../../../../include/c++/10]
  ignore line: [ /usr/bin/../lib/gcc/powerpc64-linux-gnu/10/../../../../include/powerpc64-linux-gnu/c++/10]
  ignore line: [ /usr/bin/../lib/gcc/powerpc64-linux-gnu/10/../../../../include/c++/10/backward]
  ignore line: [ /usr/lib/llvm-11/lib/clang/11.0.1/include/ppc_wrappers]
  ignore line: [ /usr/local/include]
  ignore line: [ /usr/lib/llvm-11/lib/clang/11.0.1/include]
  ignore line: [ /usr/include/powerpc64-linux-gnu]
  ignore line: [ /usr/include]
  ignore line: [End of search list.]
  ignore line: [[2/2] Linking CXX executable cmTC_7c30d]
  ignore line: [Debian clang version 11.0.1-+rc2-1]
  ignore line: [Target: powerpc64-unknown-linux-gnu]
  ignore line: [Thread model: posix]
  ignore line: [InstalledDir: /usr/bin]
  ignore line: [Found candidate GCC installation: /usr/bin/../lib/gcc/powerpc64-linux-gnu/10]
  ignore line: [Found candidate GCC installation: /usr/bin/../lib/gcc/powerpc64-linux-gnu/9]
  ignore line: [Found candidate GCC installation: /usr/lib/gcc/powerpc64-linux-gnu/10]
  ignore line: [Found candidate GCC installation: /usr/lib/gcc/powerpc64-linux-gnu/9]
  ignore line: [Selected GCC installation: /usr/bin/../lib/gcc/powerpc64-linux-gnu/10]
  ignore line: [Candidate multilib: .]
  ignore line: [@m64]
  ignore line: [Selected multilib: .]
  ignore line: [@m64]
  link line: [ "/usr/bin/ld.gold" --hash-style=both --build-id --eh-frame-hdr -m elf64ppc -dynamic-linker /lib64/ld64.so.1 -o cmTC_7c30d /usr/bin/../lib/gcc/powerpc64-linux-gnu/10/../../../powerpc64-linux-gnu/crt1.o /usr/bin/../lib/gcc/powerpc64-linux-gnu/10/../../../powerpc64-linux-gnu/crti.o /usr/bin/../lib/gcc/powerpc64-linux-gnu/10/crtbegin.o -L/usr/bin/../lib/gcc/powerpc64-linux-gnu/10 -L/usr/bin/../lib/gcc/powerpc64-linux-gnu/10/../../../powerpc64-linux-gnu -L/usr/bin/../lib/gcc/powerpc64-linux-gnu/10/../../../../lib64 -L/lib/powerpc64-linux-gnu -L/lib/../lib64 -L/usr/lib/powerpc64-linux-gnu -L/usr/lib/../lib64 -L/usr/lib/powerpc64-linux-gnu/../../lib64 -L/usr/bin/../lib/gcc/powerpc64-linux-gnu/10/../../.. -L/usr/lib/llvm-11/bin/../lib -L/lib -L/usr/lib CMakeFiles/cmTC_7c30d.dir/CMakeCXXCompilerABI.cpp.o -lstdc++ -lm -lgcc_s -lgcc -lc -lgcc_s -lgcc /usr/bin/../lib/gcc/powerpc64-linux-gnu/10/crtend.o /usr/bin/../lib/gcc/powerpc64-linux-gnu/10/../../../powerpc64-linux-gnu/crtn.o]
    arg [/usr/bin/ld.gold] ==> ignore
    arg [--hash-style=both] ==> ignore
    arg [--build-id] ==> ignore
    arg [--eh-frame-hdr] ==> ignore
    arg [-m] ==> ignore
    arg [elf64ppc] ==> ignore
    arg [-dynamic-linker] ==> ignore
    arg [/lib64/ld64.so.1] ==> ignore
    arg [-o] ==> ignore
    arg [cmTC_7c30d] ==> ignore
    arg [/usr/bin/../lib/gcc/powerpc64-linux-gnu/10/../../../powerpc64-linux-gnu/crt1.o] ==> ignore
    arg [/usr/bin/../lib/gcc/powerpc64-linux-gnu/10/../../../powerpc64-linux-gnu/crti.o] ==> ignore
    arg [/usr/bin/../lib/gcc/powerpc64-linux-gnu/10/crtbegin.o] ==> ignore
    arg [-L/usr/bin/../lib/gcc/powerpc64-linux-gnu/10] ==> dir [/usr/bin/../lib/gcc/powerpc64-linux-gnu/10]
    arg [-L/usr/bin/../lib/gcc/powerpc64-linux-gnu/10/../../../powerpc64-linux-gnu] ==> dir [/usr/bin/../lib/gcc/powerpc64-linux-gnu/10/../../../powerpc64-linux-gnu]
    arg [-L/usr/bin/../lib/gcc/powerpc64-linux-gnu/10/../../../../lib64] ==> dir [/usr/bin/../lib/gcc/powerpc64-linux-gnu/10/../../../../lib64]
    arg [-L/lib/powerpc64-linux-gnu] ==> dir [/lib/powerpc64-linux-gnu]
    arg [-L/lib/../lib64] ==> dir [/lib/../lib64]
    arg [-L/usr/lib/powerpc64-linux-gnu] ==> dir [/usr/lib/powerpc64-linux-gnu]
    arg [-L/usr/lib/../lib64] ==> dir [/usr/lib/../lib64]
    arg [-L/usr/lib/powerpc64-linux-gnu/../../lib64] ==> dir [/usr/lib/powerpc64-linux-gnu/../../lib64]
    arg [-L/usr/bin/../lib/gcc/powerpc64-linux-gnu/10/../../..] ==> dir [/usr/bin/../lib/gcc/powerpc64-linux-gnu/10/../../..]
    arg [-L/usr/lib/llvm-11/bin/../lib] ==> dir [/usr/lib/llvm-11/bin/../lib]
    arg [-L/lib] ==> dir [/lib]
    arg [-L/usr/lib] ==> dir [/usr/lib]
    arg [CMakeFiles/cmTC_7c30d.dir/CMakeCXXCompilerABI.cpp.o] ==> ignore
    arg [-lstdc++] ==> lib [stdc++]
    arg [-lm] ==> lib [m]
    arg [-lgcc_s] ==> lib [gcc_s]
    arg [-lgcc] ==> lib [gcc]
    arg [-lc] ==> lib [c]
    arg [-lgcc_s] ==> lib [gcc_s]
    arg [-lgcc] ==> lib [gcc]
    arg [/usr/bin/../lib/gcc/powerpc64-linux-gnu/10/crtend.o] ==> ignore
    arg [/usr/bin/../lib/gcc/powerpc64-linux-gnu/10/../../../powerpc64-linux-gnu/crtn.o] ==> ignore
  collapse library dir [/usr/bin/../lib/gcc/powerpc64-linux-gnu/10] ==> [/usr/lib/gcc/powerpc64-linux-gnu/10]
  collapse library dir [/usr/bin/../lib/gcc/powerpc64-linux-gnu/10/../../../powerpc64-linux-gnu] ==> [/usr/lib/powerpc64-linux-gnu]
  collapse library dir [/usr/bin/../lib/gcc/powerpc64-linux-gnu/10/../../../../lib64] ==> [/usr/lib64]
  collapse library dir [/lib/powerpc64-linux-gnu] ==> [/lib/powerpc64-linux-gnu]
  collapse library dir [/lib/../lib64] ==> [/lib64]
  collapse library dir [/usr/lib/powerpc64-linux-gnu] ==> [/usr/lib/powerpc64-linux-gnu]
  collapse library dir [/usr/lib/../lib64] ==> [/usr/lib64]
  collapse library dir [/usr/lib/powerpc64-linux-gnu/../../lib64] ==> [/usr/lib64]
  collapse library dir [/usr/bin/../lib/gcc/powerpc64-linux-gnu/10/../../..] ==> [/usr/lib]
  collapse library dir [/usr/lib/llvm-11/bin/../lib] ==> [/usr/lib/llvm-11/lib]
  collapse library dir [/lib] ==> [/lib]
  collapse library dir [/usr/lib] ==> [/usr/lib]
  implicit libs: [stdc++;m;gcc_s;gcc;c;gcc_s;gcc]
  implicit dirs: [/usr/lib/gcc/powerpc64-linux-gnu/10;/usr/lib/powerpc64-linux-gnu;/usr/lib64;/lib/powerpc64-linux-gnu;/lib64;/usr/lib;/usr/lib/llvm-11/lib;/lib]
  implicit fwks: []


Determining if the include file sys/types.h exists passed with the following output:
Change Dir: /home/oceanfish81/dragonffi/release/CMakeFiles/CMakeTmp

Run Build Command(s):/usr/local/bin/ninja cmTC_27e83 && [1/2] Building C object CMakeFiles/cmTC_27e83.dir/CheckIncludeFile.c.o
clang: warning: argument unused during compilation: '-fuse-ld=gold' [-Wunused-command-line-argument]
[2/2] Linking C executable cmTC_27e83



Determining if the include file stdint.h exists passed with the following output:
Change Dir: /home/oceanfish81/dragonffi/release/CMakeFiles/CMakeTmp

Run Build Command(s):/usr/local/bin/ninja cmTC_06d2b && [1/2] Building C object CMakeFiles/cmTC_06d2b.dir/CheckIncludeFile.c.o
clang: warning: argument unused during compilation: '-fuse-ld=gold' [-Wunused-command-line-argument]
[2/2] Linking C executable cmTC_06d2b



Determining if the include file stddef.h exists passed with the following output:
Change Dir: /home/oceanfish81/dragonffi/release/CMakeFiles/CMakeTmp

Run Build Command(s):/usr/local/bin/ninja cmTC_b4dd2 && [1/2] Building C object CMakeFiles/cmTC_b4dd2.dir/CheckIncludeFile.c.o
clang: warning: argument unused during compilation: '-fuse-ld=gold' [-Wunused-command-line-argument]
[2/2] Linking C executable cmTC_b4dd2



Determining size of __int128_t passed with the following output:
Change Dir: /home/oceanfish81/dragonffi/release/CMakeFiles/CMakeTmp

Run Build Command(s):/usr/local/bin/ninja cmTC_d2947 && [1/2] Building C object CMakeFiles/cmTC_d2947.dir/INT128_T.c.o
clang: warning: argument unused during compilation: '-fuse-ld=gold' [-Wunused-command-line-argument]
[2/2] Linking C executable cmTC_d2947



Determining size of _Complex passed with the following output:
Change Dir: /home/oceanfish81/dragonffi/release/CMakeFiles/CMakeTmp

Run Build Command(s):/usr/local/bin/ninja cmTC_95f91 && [1/2] Building C object CMakeFiles/cmTC_95f91.dir/COMPLEX_T.c.o
clang: warning: argument unused during compilation: '-fuse-ld=gold' [-Wunused-command-line-argument]
/home/oceanfish81/dragonffi/release/CMakeFiles/CheckTypeSize/COMPLEX_T.c:29:12: warning: plain '_Complex' requires a type specifier; assuming '_Complex double'
  ('0' + ((SIZE / 10000)%10)),
           ^
/home/oceanfish81/dragonffi/release/CMakeFiles/CheckTypeSize/COMPLEX_T.c:27:22: note: expanded from macro 'SIZE'
#define SIZE (sizeof(_Complex))
                     ^
/home/oceanfish81/dragonffi/release/CMakeFiles/CheckTypeSize/COMPLEX_T.c:30:12: warning: plain '_Complex' requires a type specifier; assuming '_Complex double'
  ('0' + ((SIZE / 1000)%10)),
           ^
/home/oceanfish81/dragonffi/release/CMakeFiles/CheckTypeSize/COMPLEX_T.c:27:22: note: expanded from macro 'SIZE'
#define SIZE (sizeof(_Complex))
                     ^
/home/oceanfish81/dragonffi/release/CMakeFiles/CheckTypeSize/COMPLEX_T.c:31:12: warning: plain '_Complex' requires a type specifier; assuming '_Complex double'
  ('0' + ((SIZE / 100)%10)),
           ^
/home/oceanfish81/dragonffi/release/CMakeFiles/CheckTypeSize/COMPLEX_T.c:27:22: note: expanded from macro 'SIZE'
#define SIZE (sizeof(_Complex))
                     ^
/home/oceanfish81/dragonffi/release/CMakeFiles/CheckTypeSize/COMPLEX_T.c:32:12: warning: plain '_Complex' requires a type specifier; assuming '_Complex double'
  ('0' + ((SIZE / 10)%10)),
           ^
/home/oceanfish81/dragonffi/release/CMakeFiles/CheckTypeSize/COMPLEX_T.c:27:22: note: expanded from macro 'SIZE'
#define SIZE (sizeof(_Complex))
                     ^
/home/oceanfish81/dragonffi/release/CMakeFiles/CheckTypeSize/COMPLEX_T.c:33:12: warning: plain '_Complex' requires a type specifier; assuming '_Complex double'
  ('0' +  (SIZE    % 10)),
           ^
/home/oceanfish81/dragonffi/release/CMakeFiles/CheckTypeSize/COMPLEX_T.c:27:22: note: expanded from macro 'SIZE'
#define SIZE (sizeof(_Complex))
                     ^
5 warnings generated.
[2/2] Linking C executable cmTC_95f91



